<?xml version="1.0" encoding="UTF-8"?>
<!-- Generated by org.testng.reporters.JUnitReportReporter -->
<testsuite hostname="kavbalas" failures="0" tests="1" name="com.selenium.testNGbasics.OrangeTestNG" time="4.351" errors="0" timestamp="23 Feb 2019 13:19:01 GMT" skipped="0">
  <testcase classname="com.selenium.testNGbasics.OrangeTestNG" name="enterCrendential" time="4.351"/>
</testsuite> <!-- com.selenium.testNGbasics.OrangeTestNG -->
