<?xml version="1.0" encoding="UTF-8"?>
<!-- Generated by org.testng.reporters.JUnitReportReporter -->
<testsuite hostname="kavbalas" failures="0" tests="5" name="com.selenium.testNGbasics.Priority_test" time="0.016" errors="0" timestamp="02 Apr 2019 09:06:03 GMT" skipped="2">
  <testcase classname="com.selenium.testNGbasics.Priority_test" name="openBrowser" time="0.012"/>
  <testcase classname="com.selenium.testNGbasics.Priority_test" name="openApp" time="0.003"/>
  <testcase classname="com.selenium.testNGbasics.Priority_test" name="closeBrowser" time="0.001"/>
  <testcase classname="com.selenium.testNGbasics.Priority_test" name="performAction">
    <skipped/>
  </testcase> <!-- performAction -->
  <testcase classname="com.selenium.testNGbasics.Priority_test" name="closeApp">
    <skipped/>
  </testcase> <!-- closeApp -->
</testsuite> <!-- com.selenium.testNGbasics.Priority_test -->
