<?xml version="1.0" encoding="UTF-8"?>
<!-- Generated by org.testng.reporters.JUnitReportReporter -->
<testsuite hostname="kavbalas" failures="0" tests="2" name="com.selenium.testNGbasics.DataProvider_test" time="0.012" errors="0" timestamp="22 Feb 2019 10:59:38 GMT" skipped="0">
  <testcase classname="com.selenium.testNGbasics.DataProvider_test" name="composemail" time="0.010"/>
  <testcase classname="com.selenium.testNGbasics.DataProvider_test" name="composemail" time="0.002"/>
</testsuite> <!-- com.selenium.testNGbasics.DataProvider_test -->
