<?xml version="1.0" encoding="UTF-8"?>
<!-- Generated by org.testng.reporters.JUnitReportReporter -->
<testsuite hostname="kavbalas" failures="0" tests="6" name="com.selenium.testNGbasics.Timeout" time="3.041" errors="0" timestamp="02 Apr 2019 09:41:49 GMT" skipped="0">
  <testcase classname="com.selenium.testNGbasics.Timeout" name="openBrowser" time="0.010"/>
  <testcase classname="com.selenium.testNGbasics.Timeout" name="openApp" time="0.000"/>
  <testcase classname="com.selenium.testNGbasics.Timeout" name="composeAction" time="0.000"/>
  <testcase classname="com.selenium.testNGbasics.Timeout" name="attachFileAction" time="3.000"/>
  <testcase classname="com.selenium.testNGbasics.Timeout" name="closeApp" time="0.020"/>
  <testcase classname="com.selenium.testNGbasics.Timeout" name="closeBrowser" time="0.011"/>
</testsuite> <!-- com.selenium.testNGbasics.Timeout -->
