<?xml version="1.0" encoding="UTF-8"?>
<!-- Generated by org.testng.reporters.JUnitReportReporter -->
<testsuite hostname="kavbalas" failures="0" tests="1" name="com.test.selenium.GoogleSearch_CrossBrowser_Test" time="0.062" errors="0" timestamp="25 Feb 2019 07:40:20 GMT" skipped="0">
  <testcase classname="com.test.selenium.GoogleSearch_CrossBrowser_Test" name="verifyHomePageTitle" time="0.062"/>
</testsuite> <!-- com.test.selenium.GoogleSearch_CrossBrowser_Test -->
