<?xml version="1.0" encoding="UTF-8"?>
<!-- Generated by org.testng.reporters.JUnitReportReporter -->
<testsuite hostname="kavbalas" failures="0" tests="1" name="com.selenium.grid.SeleniumGrid_Test" time="1.873" errors="0" timestamp="25 Feb 2019 11:52:18 GMT" skipped="0">
  <testcase classname="com.selenium.grid.SeleniumGrid_Test" name="googleTest" time="1.873"/>
</testsuite> <!-- com.selenium.grid.SeleniumGrid_Test -->
