<?xml version="1.0" encoding="UTF-8"?>
<!-- Generated by org.testng.reporters.JUnitReportReporter -->
<testsuite hostname="kavbalas" failures="0" tests="2" name="com.selenium.testNGbasics.LifeCycle_TestNG" time="0.000" errors="0" timestamp="25 Feb 2019 06:14:34 GMT" skipped="0">
  <testcase classname="com.selenium.testNGbasics.LifeCycle_TestNG" name="test1" time="0.000"/>
  <testcase classname="com.selenium.testNGbasics.LifeCycle_TestNG" name="test2" time="0.000"/>
</testsuite> <!-- com.selenium.testNGbasics.LifeCycle_TestNG -->
